Determining if the pthread_create exist failed with the following output:
Change Dir: /home/hgryoo/Developement/sfcgal_performance/src/native/CMakeFiles/CMakeTmp

Run Build Command:"/usr/bin/make" "cmTC_455de/fast"
/usr/bin/make -f CMakeFiles/cmTC_455de.dir/build.make CMakeFiles/cmTC_455de.dir/build
make[1]: Entering directory '/home/hgryoo/Developement/sfcgal_performance/src/native/CMakeFiles/CMakeTmp'
Building C object CMakeFiles/cmTC_455de.dir/CheckSymbolExists.c.o
/usr/bin/cc     -o CMakeFiles/cmTC_455de.dir/CheckSymbolExists.c.o   -c /home/hgryoo/Developement/sfcgal_performance/src/native/CMakeFiles/CMakeTmp/CheckSymbolExists.c
Linking C executable cmTC_455de
/usr/local/bin/cmake -E cmake_link_script CMakeFiles/cmTC_455de.dir/link.txt --verbose=1
/usr/bin/cc       CMakeFiles/cmTC_455de.dir/CheckSymbolExists.c.o  -o cmTC_455de -rdynamic 
CMakeFiles/cmTC_455de.dir/CheckSymbolExists.c.o: In function `main':
CheckSymbolExists.c:(.text+0x16): undefined reference to `pthread_create'
collect2: error: ld returned 1 exit status
CMakeFiles/cmTC_455de.dir/build.make:97: recipe for target 'cmTC_455de' failed
make[1]: Leaving directory '/home/hgryoo/Developement/sfcgal_performance/src/native/CMakeFiles/CMakeTmp'
make[1]: *** [cmTC_455de] Error 1
Makefile:126: recipe for target 'cmTC_455de/fast' failed
make: *** [cmTC_455de/fast] Error 2

File /home/hgryoo/Developement/sfcgal_performance/src/native/CMakeFiles/CMakeTmp/CheckSymbolExists.c:
/* */
#include <pthread.h>

int main(int argc, char** argv)
{
  (void)argv;
#ifndef pthread_create
  return ((int*)(&pthread_create))[argc];
#else
  (void)argc;
  return 0;
#endif
}

Determining if the function pthread_create exists in the pthreads failed with the following output:
Change Dir: /home/hgryoo/Developement/sfcgal_performance/src/native/CMakeFiles/CMakeTmp

Run Build Command:"/usr/bin/make" "cmTC_49036/fast"
/usr/bin/make -f CMakeFiles/cmTC_49036.dir/build.make CMakeFiles/cmTC_49036.dir/build
make[1]: Entering directory '/home/hgryoo/Developement/sfcgal_performance/src/native/CMakeFiles/CMakeTmp'
Building C object CMakeFiles/cmTC_49036.dir/CheckFunctionExists.c.o
/usr/bin/cc    -DCHECK_FUNCTION_EXISTS=pthread_create   -o CMakeFiles/cmTC_49036.dir/CheckFunctionExists.c.o   -c /usr/local/share/cmake-3.4/Modules/CheckFunctionExists.c
Linking C executable cmTC_49036
/usr/local/bin/cmake -E cmake_link_script CMakeFiles/cmTC_49036.dir/link.txt --verbose=1
/usr/bin/cc   -DCHECK_FUNCTION_EXISTS=pthread_create    CMakeFiles/cmTC_49036.dir/CheckFunctionExists.c.o  -o cmTC_49036 -rdynamic -lpthreads 
/usr/bin/ld: cannot find -lpthreads
collect2: error: ld returned 1 exit status
CMakeFiles/cmTC_49036.dir/build.make:97: recipe for target 'cmTC_49036' failed
make[1]: *** [cmTC_49036] Error 1
make[1]: Leaving directory '/home/hgryoo/Developement/sfcgal_performance/src/native/CMakeFiles/CMakeTmp'
Makefile:126: recipe for target 'cmTC_49036/fast' failed
make: *** [cmTC_49036/fast] Error 2


Determining if the pthread_create exist failed with the following output:
Change Dir: /home/hgryoo/Developement/sfcgal_performance/src/native/CMakeFiles/CMakeTmp

Run Build Command:"/usr/bin/make" "cmTC_565d9/fast"
/usr/bin/make -f CMakeFiles/cmTC_565d9.dir/build.make CMakeFiles/cmTC_565d9.dir/build
make[1]: Entering directory '/home/hgryoo/Developement/sfcgal_performance/src/native/CMakeFiles/CMakeTmp'
Building C object CMakeFiles/cmTC_565d9.dir/CheckSymbolExists.c.o
/usr/bin/cc    -o CMakeFiles/cmTC_565d9.dir/CheckSymbolExists.c.o   -c /home/hgryoo/Developement/sfcgal_performance/src/native/CMakeFiles/CMakeTmp/CheckSymbolExists.c
Linking C executable cmTC_565d9
/home/hgryoo/clion-2018.1.1/bin/cmake/bin/cmake -E cmake_link_script CMakeFiles/cmTC_565d9.dir/link.txt --verbose=1
/usr/bin/cc      -rdynamic CMakeFiles/cmTC_565d9.dir/CheckSymbolExists.c.o  -o cmTC_565d9 
CMakeFiles/cmTC_565d9.dir/CheckSymbolExists.c.o: In function `main':
CheckSymbolExists.c:(.text+0x16): undefined reference to `pthread_create'
collect2: error: ld returned 1 exit status
CMakeFiles/cmTC_565d9.dir/build.make:97: recipe for target 'cmTC_565d9' failed
make[1]: *** [cmTC_565d9] Error 1
make[1]: Leaving directory '/home/hgryoo/Developement/sfcgal_performance/src/native/CMakeFiles/CMakeTmp'
Makefile:126: recipe for target 'cmTC_565d9/fast' failed
make: *** [cmTC_565d9/fast] Error 2

File /home/hgryoo/Developement/sfcgal_performance/src/native/CMakeFiles/CMakeTmp/CheckSymbolExists.c:
/* */
#include <pthread.h>

int main(int argc, char** argv)
{
  (void)argv;
#ifndef pthread_create
  return ((int*)(&pthread_create))[argc];
#else
  (void)argc;
  return 0;
#endif
}

Determining if the function pthread_create exists in the pthreads failed with the following output:
Change Dir: /home/hgryoo/Developement/sfcgal_performance/src/native/CMakeFiles/CMakeTmp

Run Build Command:"/usr/bin/make" "cmTC_a41f3/fast"
/usr/bin/make -f CMakeFiles/cmTC_a41f3.dir/build.make CMakeFiles/cmTC_a41f3.dir/build
make[1]: Entering directory '/home/hgryoo/Developement/sfcgal_performance/src/native/CMakeFiles/CMakeTmp'
Building C object CMakeFiles/cmTC_a41f3.dir/CheckFunctionExists.c.o
/usr/bin/cc   -DCHECK_FUNCTION_EXISTS=pthread_create   -o CMakeFiles/cmTC_a41f3.dir/CheckFunctionExists.c.o   -c /home/hgryoo/clion-2018.1.1/bin/cmake/share/cmake-3.10/Modules/CheckFunctionExists.c
Linking C executable cmTC_a41f3
/home/hgryoo/clion-2018.1.1/bin/cmake/bin/cmake -E cmake_link_script CMakeFiles/cmTC_a41f3.dir/link.txt --verbose=1
/usr/bin/cc  -DCHECK_FUNCTION_EXISTS=pthread_create    -rdynamic CMakeFiles/cmTC_a41f3.dir/CheckFunctionExists.c.o  -o cmTC_a41f3 -lpthreads 
/usr/bin/ld: cannot find -lpthreads
collect2: error: ld returned 1 exit status
CMakeFiles/cmTC_a41f3.dir/build.make:97: recipe for target 'cmTC_a41f3' failed
make[1]: *** [cmTC_a41f3] Error 1
make[1]: Leaving directory '/home/hgryoo/Developement/sfcgal_performance/src/native/CMakeFiles/CMakeTmp'
Makefile:126: recipe for target 'cmTC_a41f3/fast' failed
make: *** [cmTC_a41f3/fast] Error 2


Determining if the pthread_create exist failed with the following output:
Change Dir: /home/hgryoo/Developement/sfcgal_performance/src/native/CMakeFiles/CMakeTmp

Run Build Command:"/usr/bin/make" "cmTC_2d18b/fast"
/usr/bin/make -f CMakeFiles/cmTC_2d18b.dir/build.make CMakeFiles/cmTC_2d18b.dir/build
make[1]: Entering directory '/home/hgryoo/Developement/sfcgal_performance/src/native/CMakeFiles/CMakeTmp'
Building C object CMakeFiles/cmTC_2d18b.dir/CheckSymbolExists.c.o
/usr/bin/cc    -o CMakeFiles/cmTC_2d18b.dir/CheckSymbolExists.c.o   -c /home/hgryoo/Developement/sfcgal_performance/src/native/CMakeFiles/CMakeTmp/CheckSymbolExists.c
Linking C executable cmTC_2d18b
/home/hgryoo/clion-2018.1.1/bin/cmake/bin/cmake -E cmake_link_script CMakeFiles/cmTC_2d18b.dir/link.txt --verbose=1
/usr/bin/cc      -rdynamic CMakeFiles/cmTC_2d18b.dir/CheckSymbolExists.c.o  -o cmTC_2d18b 
CMakeFiles/cmTC_2d18b.dir/CheckSymbolExists.c.o: In function `main':
CheckSymbolExists.c:(.text+0x16): undefined reference to `pthread_create'
collect2: error: ld returned 1 exit status
CMakeFiles/cmTC_2d18b.dir/build.make:97: recipe for target 'cmTC_2d18b' failed
make[1]: *** [cmTC_2d18b] Error 1
make[1]: Leaving directory '/home/hgryoo/Developement/sfcgal_performance/src/native/CMakeFiles/CMakeTmp'
Makefile:126: recipe for target 'cmTC_2d18b/fast' failed
make: *** [cmTC_2d18b/fast] Error 2

File /home/hgryoo/Developement/sfcgal_performance/src/native/CMakeFiles/CMakeTmp/CheckSymbolExists.c:
/* */
#include <pthread.h>

int main(int argc, char** argv)
{
  (void)argv;
#ifndef pthread_create
  return ((int*)(&pthread_create))[argc];
#else
  (void)argc;
  return 0;
#endif
}

Determining if the function pthread_create exists in the pthreads failed with the following output:
Change Dir: /home/hgryoo/Developement/sfcgal_performance/src/native/CMakeFiles/CMakeTmp

Run Build Command:"/usr/bin/make" "cmTC_4d39f/fast"
/usr/bin/make -f CMakeFiles/cmTC_4d39f.dir/build.make CMakeFiles/cmTC_4d39f.dir/build
make[1]: Entering directory '/home/hgryoo/Developement/sfcgal_performance/src/native/CMakeFiles/CMakeTmp'
Building C object CMakeFiles/cmTC_4d39f.dir/CheckFunctionExists.c.o
/usr/bin/cc   -DCHECK_FUNCTION_EXISTS=pthread_create   -o CMakeFiles/cmTC_4d39f.dir/CheckFunctionExists.c.o   -c /home/hgryoo/clion-2018.1.1/bin/cmake/share/cmake-3.10/Modules/CheckFunctionExists.c
Linking C executable cmTC_4d39f
/home/hgryoo/clion-2018.1.1/bin/cmake/bin/cmake -E cmake_link_script CMakeFiles/cmTC_4d39f.dir/link.txt --verbose=1
/usr/bin/cc  -DCHECK_FUNCTION_EXISTS=pthread_create    -rdynamic CMakeFiles/cmTC_4d39f.dir/CheckFunctionExists.c.o  -o cmTC_4d39f -lpthreads 
/usr/bin/ld: cannot find -lpthreads
collect2: error: ld returned 1 exit status
CMakeFiles/cmTC_4d39f.dir/build.make:97: recipe for target 'cmTC_4d39f' failed
make[1]: *** [cmTC_4d39f] Error 1
make[1]: Leaving directory '/home/hgryoo/Developement/sfcgal_performance/src/native/CMakeFiles/CMakeTmp'
Makefile:126: recipe for target 'cmTC_4d39f/fast' failed
make: *** [cmTC_4d39f/fast] Error 2


